{"uid":"590bdc3a12857d03","name":"Тест проверяет продажу авто. Негативный","fullName":"tests.CarTest.sellCarNegative","historyId":"52976dc3497fd65a3edd24bcb0870d9d","time":{"start":1755537593096,"stop":1755537614662,"duration":21566},"description":"Проверка продажи авто. Негативный","descriptionHtml":"<p>Проверка продажи авто. Негативный</p>\n","status":"failed","statusMessage":"Element not found {by text: Status: AxiosError: Request failed with status code 404}\nExpected: visible\nScreenshot: file:/home/runner/work/PFLB_Test-API_Team_3/PFLB_Test-API_Team_3/build/reports/tests/1755537614557.16.png\nPage source: file:/home/runner/work/PFLB_Test-API_Team_3/PFLB_Test-API_Team_3/build/reports/tests/1755537614557.16.html\nTimeout: 20 s.\nCaused by: NoSuchElementException: no such element: Unable to locate element: {\"method\":\"xpath\",\"selector\":\".//*/text()[normalize-space(translate(string(.), '","statusTrace":"Element not found {by text: Status: AxiosError: Request failed with status code 404}\nExpected: visible\nScreenshot: file:/home/runner/work/PFLB_Test-API_Team_3/PFLB_Test-API_Team_3/build/reports/tests/1755537614557.16.png\nPage source: file:/home/runner/work/PFLB_Test-API_Team_3/PFLB_Test-API_Team_3/build/reports/tests/1755537614557.16.html\nTimeout: 20 s.\nCaused by: NoSuchElementException: no such element: Unable to locate element: {\"method\":\"xpath\",\"selector\":\".//*/text()[normalize-space(translate(string(.), '\n\tat com.codeborne.selenide.impl.WebElementSource.createElementNotFoundError(WebElementSource.java:89)\n\tat com.codeborne.selenide.impl.ElementFinder.createElementNotFoundError(ElementFinder.java:129)\n\tat com.codeborne.selenide.impl.WebElementSource.handleError(WebElementSource.java:140)\n\tat com.codeborne.selenide.impl.WebElementSource.checkConditionAndReturnElement(WebElementSource.java:123)\n\tat com.codeborne.selenide.impl.WebElementSource.checkCondition(WebElementSource.java:99)\n\tat com.codeborne.selenide.commands.Should.execute(Should.java:24)\n\tat com.codeborne.selenide.FluentCommand.execute(FluentCommand.java:27)\n\tat com.codeborne.selenide.FluentCommand.execute(FluentCommand.java:19)\n\tat com.codeborne.selenide.commands.Commands.execute(Commands.java:160)\n\tat com.codeborne.selenide.impl.SelenideElementProxy.dispatchAndRetry(SelenideElementProxy.java:131)\n\tat com.codeborne.selenide.impl.SelenideElementProxy.invoke(SelenideElementProxy.java:83)\n\tat jdk.proxy2/jdk.proxy2.$Proxy29.shouldBe(Unknown Source)\n\tat pages.BasePage.getText(BasePage.java:40)\n\tat pages.CarPage.getErrorMessage(CarPage.java:114)\n\tat tests.CarTest.sellCarNegative(CarTest.java:149)\n\tat java.base/jdk.internal.reflect.NativeMethodAccessorImpl.invoke0(Native Method)\n\tat java.base/jdk.internal.reflect.NativeMethodAccessorImpl.invoke(NativeMethodAccessorImpl.java:77)\n\tat java.base/jdk.internal.reflect.DelegatingMethodAccessorImpl.invoke(DelegatingMethodAccessorImpl.java:43)\n\tat java.base/java.lang.reflect.Method.invoke(Method.java:569)\n\tat org.testng.internal.invokers.MethodInvocationHelper.invokeMethod(MethodInvocationHelper.java:141)\n\tat org.testng.internal.invokers.TestInvoker.invokeMethod(TestInvoker.java:687)\n\tat org.testng.internal.invokers.TestInvoker.retryFailed(TestInvoker.java:269)\n\tat org.testng.internal.invokers.MethodRunner.runInSequence(MethodRunner.java:76)\n\tat org.testng.internal.invokers.TestInvoker$MethodInvocationAgent.invoke(TestInvoker.java:995)\n\tat org.testng.internal.invokers.TestInvoker.invokeTestMethods(TestInvoker.java:203)\n\tat org.testng.internal.invokers.TestMethodWorker.invokeTestMethods(TestMethodWorker.java:154)\n\tat org.testng.internal.invokers.TestMethodWorker.run(TestMethodWorker.java:134)\n\tat java.base/java.util.ArrayList.forEach(ArrayList.java:1511)\n\tat org.testng.TestRunner.privateRun(TestRunner.java:741)\n\tat org.testng.TestRunner.run(TestRunner.java:616)\n\tat org.testng.SuiteRunner.runTest(SuiteRunner.java:421)\n\tat org.testng.SuiteRunner$SuiteWorker.run(SuiteRunner.java:463)\n\tat org.testng.internal.thread.ThreadUtil.lambda$execute$0(ThreadUtil.java:64)\n\tat java.base/java.util.concurrent.FutureTask.run(FutureTask.java:264)\n\tat java.base/java.util.concurrent.ThreadPoolExecutor.runWorker(ThreadPoolExecutor.java:1136)\n\tat java.base/java.util.concurrent.ThreadPoolExecutor$Worker.run(ThreadPoolExecutor.java:635)\n\tat java.base/java.lang.Thread.run(Thread.java:840)\nCaused by: org.openqa.selenium.NoSuchElementException: no such element: Unable to locate element: {\"method\":\"xpath\",\"selector\":\".//*/text()[normalize-space(translate(string(.), '\t\n\r             ​‌‍  ⁠　', '                       ')) = \"Status: AxiosError: Request failed with status code 404\"]/parent::*\"}\n  (Session info: chrome=139.0.7258.66)\nFor documentation on this error, please visit: https://www.selenium.dev/documentation/webdriver/troubleshooting/errors#no-such-element-exception\nBuild info: version: '4.31.0', revision: '1ef9f18787*'\nSystem info: os.name: 'Linux', os.arch: 'amd64', os.version: '6.11.0-1018-azure', java.version: '17.0.16'\nDriver info: org.openqa.selenium.chrome.ChromeDriver\nCommand: [79c74b68950364d9182eadc90be4da15, findElement {value=.//*/text()[normalize-space(translate(string(.), '\t\n\r             ​‌‍  ⁠　', '                       ')) = \"Status: AxiosError: Request failed with status code 404\"]/parent::*, using=xpath}]\nCapabilities {acceptInsecureCerts: true, browserName: chrome, browserVersion: 139.0.7258.66, chrome: {chromedriverVersion: 139.0.7258.66 (a62d32994769..., userDataDir: /tmp/.org.chromium.Chromium...}, fedcm:accounts: true, goog:chromeOptions: {debuggerAddress: localhost:39291}, networkConnectionEnabled: false, pageLoadStrategy: normal, platformName: linux, proxy: Proxy(), se:cdp: ws://localhost:39291/devtoo..., se:cdpVersion: 139.0.7258.66, setWindowRect: true, strictFileInteractability: false, timeouts: {implicit: 0, pageLoad: 300000, script: 30000}, unhandledPromptBehavior: accept, webauthn:extension:credBlob: true, webauthn:extension:largeBlob: true, webauthn:extension:minPinLength: true, webauthn:extension:prf: true, webauthn:virtualAuthenticators: true}\nSession ID: 79c74b68950364d9182eadc90be4da15\n\tat jdk.internal.reflect.GeneratedConstructorAccessor19.newInstance(Unknown Source)\n\tat java.base/jdk.internal.reflect.DelegatingConstructorAccessorImpl.newInstance(DelegatingConstructorAccessorImpl.java:45)\n\tat java.base/java.lang.reflect.Constructor.newInstanceWithCaller(Constructor.java:500)\n\tat java.base/java.lang.reflect.Constructor.newInstance(Constructor.java:481)\n\tat org.openqa.selenium.remote.ErrorCodec.decode(ErrorCodec.java:167)\n\tat org.openqa.selenium.remote.codec.w3c.W3CHttpResponseCodec.decode(W3CHttpResponseCodec.java:138)\n\tat org.openqa.selenium.remote.codec.w3c.W3CHttpResponseCodec.decode(W3CHttpResponseCodec.java:50)\n\tat org.openqa.selenium.remote.HttpCommandExecutor.execute(HttpCommandExecutor.java:215)\n\tat org.openqa.selenium.remote.service.DriverCommandExecutor.invokeExecute(DriverCommandExecutor.java:216)\n\tat org.openqa.selenium.remote.service.DriverCommandExecutor.execute(DriverCommandExecutor.java:174)\n\tat org.openqa.selenium.remote.RemoteWebDriver.execute(RemoteWebDriver.java:545)\n\tat org.openqa.selenium.remote.ElementLocation$ElementFinder$2.findElement(ElementLocation.java:165)\n\tat org.openqa.selenium.remote.ElementLocation.findElement(ElementLocation.java:59)\n\tat org.openqa.selenium.remote.RemoteWebDriver.findElement(RemoteWebDriver.java:368)\n\tat org.openqa.selenium.remote.RemoteWebDriver.findElement(RemoteWebDriver.java:362)\n\tat com.codeborne.selenide.impl.WebElementSelector.findElement(WebElementSelector.java:67)\n\tat com.codeborne.selenide.impl.WebElementSelector.findElement(WebElementSelector.java:38)\n\tat com.codeborne.selenide.impl.WebElementSelector.findElement(WebElementSelector.java:29)\n\tat com.codeborne.selenide.impl.ElementFinder.getWebElement(ElementFinder.java:113)\n\tat com.codeborne.selenide.impl.WebElementSource.checkConditionAndReturnElement(WebElementSource.java:112)\n\t... 33 more\n","flaky":false,"newFailed":false,"newBroken":false,"newPassed":false,"retriesCount":1,"retriesStatusChange":true,"beforeStages":[{"name":"setup","time":{"start":1755537591357,"stop":1755537593093,"duration":1736},"description":"","status":"passed","steps":[{"name":"$(\"webdriver\") close()","time":{"start":1755537591357,"stop":1755537591357,"duration":0},"status":"passed","steps":[],"attachments":[],"parameters":[],"stepsCount":0,"shouldDisplayMessage":false,"attachmentsCount":0,"hasContent":false,"attachmentStep":false},{"name":"$(\"open\") http://82.142.167.37:4881/","time":{"start":1755537591357,"stop":1755537593093,"duration":1736},"status":"passed","steps":[{"name":"$(\"webdriver\") create()","time":{"start":1755537591357,"stop":1755537591616,"duration":259},"status":"passed","steps":[],"attachments":[],"parameters":[],"stepsCount":0,"shouldDisplayMessage":false,"attachmentsCount":0,"hasContent":false,"attachmentStep":false}],"attachments":[],"parameters":[],"stepsCount":1,"shouldDisplayMessage":false,"attachmentsCount":0,"hasContent":true,"attachmentStep":false}],"attachments":[],"parameters":[],"stepsCount":3,"shouldDisplayMessage":false,"attachmentsCount":0,"hasContent":true,"attachmentStep":false}],"testStage":{"description":"Проверка продажи авто. Негативный","status":"failed","statusMessage":"Element not found {by text: Status: AxiosError: Request failed with status code 404}\nExpected: visible\nScreenshot: file:/home/runner/work/PFLB_Test-API_Team_3/PFLB_Test-API_Team_3/build/reports/tests/1755537614557.16.png\nPage source: file:/home/runner/work/PFLB_Test-API_Team_3/PFLB_Test-API_Team_3/build/reports/tests/1755537614557.16.html\nTimeout: 20 s.\nCaused by: NoSuchElementException: no such element: Unable to locate element: {\"method\":\"xpath\",\"selector\":\".//*/text()[normalize-space(translate(string(.), '","statusTrace":"Element not found {by text: Status: AxiosError: Request failed with status code 404}\nExpected: visible\nScreenshot: file:/home/runner/work/PFLB_Test-API_Team_3/PFLB_Test-API_Team_3/build/reports/tests/1755537614557.16.png\nPage source: file:/home/runner/work/PFLB_Test-API_Team_3/PFLB_Test-API_Team_3/build/reports/tests/1755537614557.16.html\nTimeout: 20 s.\nCaused by: NoSuchElementException: no such element: Unable to locate element: {\"method\":\"xpath\",\"selector\":\".//*/text()[normalize-space(translate(string(.), '\n\tat com.codeborne.selenide.impl.WebElementSource.createElementNotFoundError(WebElementSource.java:89)\n\tat com.codeborne.selenide.impl.ElementFinder.createElementNotFoundError(ElementFinder.java:129)\n\tat com.codeborne.selenide.impl.WebElementSource.handleError(WebElementSource.java:140)\n\tat com.codeborne.selenide.impl.WebElementSource.checkConditionAndReturnElement(WebElementSource.java:123)\n\tat com.codeborne.selenide.impl.WebElementSource.checkCondition(WebElementSource.java:99)\n\tat com.codeborne.selenide.commands.Should.execute(Should.java:24)\n\tat com.codeborne.selenide.FluentCommand.execute(FluentCommand.java:27)\n\tat com.codeborne.selenide.FluentCommand.execute(FluentCommand.java:19)\n\tat com.codeborne.selenide.commands.Commands.execute(Commands.java:160)\n\tat com.codeborne.selenide.impl.SelenideElementProxy.dispatchAndRetry(SelenideElementProxy.java:131)\n\tat com.codeborne.selenide.impl.SelenideElementProxy.invoke(SelenideElementProxy.java:83)\n\tat jdk.proxy2/jdk.proxy2.$Proxy29.shouldBe(Unknown Source)\n\tat pages.BasePage.getText(BasePage.java:40)\n\tat pages.CarPage.getErrorMessage(CarPage.java:114)\n\tat tests.CarTest.sellCarNegative(CarTest.java:149)\n\tat java.base/jdk.internal.reflect.NativeMethodAccessorImpl.invoke0(Native Method)\n\tat java.base/jdk.internal.reflect.NativeMethodAccessorImpl.invoke(NativeMethodAccessorImpl.java:77)\n\tat java.base/jdk.internal.reflect.DelegatingMethodAccessorImpl.invoke(DelegatingMethodAccessorImpl.java:43)\n\tat java.base/java.lang.reflect.Method.invoke(Method.java:569)\n\tat org.testng.internal.invokers.MethodInvocationHelper.invokeMethod(MethodInvocationHelper.java:141)\n\tat org.testng.internal.invokers.TestInvoker.invokeMethod(TestInvoker.java:687)\n\tat org.testng.internal.invokers.TestInvoker.retryFailed(TestInvoker.java:269)\n\tat org.testng.internal.invokers.MethodRunner.runInSequence(MethodRunner.java:76)\n\tat org.testng.internal.invokers.TestInvoker$MethodInvocationAgent.invoke(TestInvoker.java:995)\n\tat org.testng.internal.invokers.TestInvoker.invokeTestMethods(TestInvoker.java:203)\n\tat org.testng.internal.invokers.TestMethodWorker.invokeTestMethods(TestMethodWorker.java:154)\n\tat org.testng.internal.invokers.TestMethodWorker.run(TestMethodWorker.java:134)\n\tat java.base/java.util.ArrayList.forEach(ArrayList.java:1511)\n\tat org.testng.TestRunner.privateRun(TestRunner.java:741)\n\tat org.testng.TestRunner.run(TestRunner.java:616)\n\tat org.testng.SuiteRunner.runTest(SuiteRunner.java:421)\n\tat org.testng.SuiteRunner$SuiteWorker.run(SuiteRunner.java:463)\n\tat org.testng.internal.thread.ThreadUtil.lambda$execute$0(ThreadUtil.java:64)\n\tat java.base/java.util.concurrent.FutureTask.run(FutureTask.java:264)\n\tat java.base/java.util.concurrent.ThreadPoolExecutor.runWorker(ThreadPoolExecutor.java:1136)\n\tat java.base/java.util.concurrent.ThreadPoolExecutor$Worker.run(ThreadPoolExecutor.java:635)\n\tat java.base/java.lang.Thread.run(Thread.java:840)\nCaused by: org.openqa.selenium.NoSuchElementException: no such element: Unable to locate element: {\"method\":\"xpath\",\"selector\":\".//*/text()[normalize-space(translate(string(.), '\t\n\r             ​‌‍  ⁠　', '                       ')) = \"Status: AxiosError: Request failed with status code 404\"]/parent::*\"}\n  (Session info: chrome=139.0.7258.66)\nFor documentation on this error, please visit: https://www.selenium.dev/documentation/webdriver/troubleshooting/errors#no-such-element-exception\nBuild info: version: '4.31.0', revision: '1ef9f18787*'\nSystem info: os.name: 'Linux', os.arch: 'amd64', os.version: '6.11.0-1018-azure', java.version: '17.0.16'\nDriver info: org.openqa.selenium.chrome.ChromeDriver\nCommand: [79c74b68950364d9182eadc90be4da15, findElement {value=.//*/text()[normalize-space(translate(string(.), '\t\n\r             ​‌‍  ⁠　', '                       ')) = \"Status: AxiosError: Request failed with status code 404\"]/parent::*, using=xpath}]\nCapabilities {acceptInsecureCerts: true, browserName: chrome, browserVersion: 139.0.7258.66, chrome: {chromedriverVersion: 139.0.7258.66 (a62d32994769..., userDataDir: /tmp/.org.chromium.Chromium...}, fedcm:accounts: true, goog:chromeOptions: {debuggerAddress: localhost:39291}, networkConnectionEnabled: false, pageLoadStrategy: normal, platformName: linux, proxy: Proxy(), se:cdp: ws://localhost:39291/devtoo..., se:cdpVersion: 139.0.7258.66, setWindowRect: true, strictFileInteractability: false, timeouts: {implicit: 0, pageLoad: 300000, script: 30000}, unhandledPromptBehavior: accept, webauthn:extension:credBlob: true, webauthn:extension:largeBlob: true, webauthn:extension:minPinLength: true, webauthn:extension:prf: true, webauthn:virtualAuthenticators: true}\nSession ID: 79c74b68950364d9182eadc90be4da15\n\tat jdk.internal.reflect.GeneratedConstructorAccessor19.newInstance(Unknown Source)\n\tat java.base/jdk.internal.reflect.DelegatingConstructorAccessorImpl.newInstance(DelegatingConstructorAccessorImpl.java:45)\n\tat java.base/java.lang.reflect.Constructor.newInstanceWithCaller(Constructor.java:500)\n\tat java.base/java.lang.reflect.Constructor.newInstance(Constructor.java:481)\n\tat org.openqa.selenium.remote.ErrorCodec.decode(ErrorCodec.java:167)\n\tat org.openqa.selenium.remote.codec.w3c.W3CHttpResponseCodec.decode(W3CHttpResponseCodec.java:138)\n\tat org.openqa.selenium.remote.codec.w3c.W3CHttpResponseCodec.decode(W3CHttpResponseCodec.java:50)\n\tat org.openqa.selenium.remote.HttpCommandExecutor.execute(HttpCommandExecutor.java:215)\n\tat org.openqa.selenium.remote.service.DriverCommandExecutor.invokeExecute(DriverCommandExecutor.java:216)\n\tat org.openqa.selenium.remote.service.DriverCommandExecutor.execute(DriverCommandExecutor.java:174)\n\tat org.openqa.selenium.remote.RemoteWebDriver.execute(RemoteWebDriver.java:545)\n\tat org.openqa.selenium.remote.ElementLocation$ElementFinder$2.findElement(ElementLocation.java:165)\n\tat org.openqa.selenium.remote.ElementLocation.findElement(ElementLocation.java:59)\n\tat org.openqa.selenium.remote.RemoteWebDriver.findElement(RemoteWebDriver.java:368)\n\tat org.openqa.selenium.remote.RemoteWebDriver.findElement(RemoteWebDriver.java:362)\n\tat com.codeborne.selenide.impl.WebElementSelector.findElement(WebElementSelector.java:67)\n\tat com.codeborne.selenide.impl.WebElementSelector.findElement(WebElementSelector.java:38)\n\tat com.codeborne.selenide.impl.WebElementSelector.findElement(WebElementSelector.java:29)\n\tat com.codeborne.selenide.impl.ElementFinder.getWebElement(ElementFinder.java:113)\n\tat com.codeborne.selenide.impl.WebElementSource.checkConditionAndReturnElement(WebElementSource.java:112)\n\t... 33 more\n","steps":[{"name":"Вход в систему с именем пользователя user@pflb.ru и паролем user","time":{"start":1755537593096,"stop":1755537593394,"duration":298},"status":"passed","steps":[{"name":"$(\"open\") http://82.142.167.37:4881/","time":{"start":1755537593096,"stop":1755537593159,"duration":63},"status":"passed","steps":[],"attachments":[],"parameters":[],"stepsCount":0,"shouldDisplayMessage":false,"attachmentsCount":0,"hasContent":false,"attachmentStep":false},{"name":"$(\"By.xpath: //div//input[@name = 'email']\") should be(visible)","time":{"start":1755537593159,"stop":1755537593177,"duration":18},"status":"passed","steps":[],"attachments":[],"parameters":[],"stepsCount":0,"shouldDisplayMessage":false,"attachmentsCount":0,"hasContent":false,"attachmentStep":false},{"name":"$(\"By.xpath: //div//input[@name = 'email']\") set value(user@pflb.ru)","time":{"start":1755537593177,"stop":1755537593276,"duration":99},"status":"passed","steps":[],"attachments":[],"parameters":[],"stepsCount":0,"shouldDisplayMessage":false,"attachmentsCount":0,"hasContent":false,"attachmentStep":false},{"name":"$(\"By.xpath: //div//input[@name = 'password']\") should be(visible)","time":{"start":1755537593276,"stop":1755537593290,"duration":14},"status":"passed","steps":[],"attachments":[],"parameters":[],"stepsCount":0,"shouldDisplayMessage":false,"attachmentsCount":0,"hasContent":false,"attachmentStep":false},{"name":"$(\"By.xpath: //div//input[@name = 'password']\") set value(user)","time":{"start":1755537593290,"stop":1755537593360,"duration":70},"status":"passed","steps":[],"attachments":[],"parameters":[],"stepsCount":0,"shouldDisplayMessage":false,"attachmentsCount":0,"hasContent":false,"attachmentStep":false},{"name":"$(\"By.xpath: //button[normalize-space(text()) = 'GO']\") should be(visible)","time":{"start":1755537593360,"stop":1755537593374,"duration":14},"status":"passed","steps":[],"attachments":[],"parameters":[],"stepsCount":0,"shouldDisplayMessage":false,"attachmentsCount":0,"hasContent":false,"attachmentStep":false},{"name":"$(\"By.xpath: //button[normalize-space(text()) = 'GO']\") click()","time":{"start":1755537593374,"stop":1755537593394,"duration":20},"status":"passed","steps":[],"attachments":[],"parameters":[],"stepsCount":0,"shouldDisplayMessage":false,"attachmentsCount":0,"hasContent":false,"attachmentStep":false}],"attachments":[],"parameters":[{"name":"user","value":"user@pflb.ru"},{"name":"password","value":"user"}],"stepsCount":7,"shouldDisplayMessage":false,"attachmentsCount":0,"hasContent":true,"attachmentStep":false},{"name":"Проверка всплывающего сообщения после входа","time":{"start":1755537593394,"stop":1755537593831,"duration":437},"status":"passed","steps":[{"name":"$(\"modal()\") confirm()","time":{"start":1755537593394,"stop":1755537593831,"duration":437},"status":"passed","steps":[],"attachments":[],"parameters":[],"stepsCount":0,"shouldDisplayMessage":false,"attachmentsCount":0,"hasContent":false,"attachmentStep":false}],"attachments":[],"parameters":[],"stepsCount":1,"shouldDisplayMessage":false,"attachmentsCount":0,"hasContent":true,"attachmentStep":false},{"name":"Клик по меню Cars","time":{"start":1755537593831,"stop":1755537594022,"duration":191},"status":"passed","steps":[{"name":"$(\"By.xpath: //a[text()='Cars']\") click()","time":{"start":1755537593831,"stop":1755537594022,"duration":191},"status":"passed","steps":[],"attachments":[],"parameters":[],"stepsCount":0,"shouldDisplayMessage":false,"attachmentsCount":0,"hasContent":false,"attachmentStep":false}],"attachments":[],"parameters":[],"stepsCount":1,"shouldDisplayMessage":false,"attachmentsCount":0,"hasContent":true,"attachmentStep":false},{"name":"Клик по пункту Buy or sell car в меню Cars. Проверка открытия соответствующего окна","time":{"start":1755537594022,"stop":1755537594060,"duration":38},"status":"passed","steps":[{"name":"$(\"By.xpath: //a[text()='Buy or sell car']\") click()","time":{"start":1755537594022,"stop":1755537594056,"duration":34},"status":"passed","steps":[],"attachments":[],"parameters":[],"stepsCount":0,"shouldDisplayMessage":false,"attachmentsCount":0,"hasContent":false,"attachmentStep":false},{"name":"$(\"webdriver\") should have url containing /#/update/users/buyCar","time":{"start":1755537594056,"stop":1755537594060,"duration":4},"status":"passed","steps":[],"attachments":[],"parameters":[],"stepsCount":0,"shouldDisplayMessage":false,"attachmentsCount":0,"hasContent":false,"attachmentStep":false}],"attachments":[],"parameters":[],"stepsCount":2,"shouldDisplayMessage":false,"attachmentsCount":0,"hasContent":true,"attachmentStep":false},{"name":"Продажа автомобиля с данными {userID}, {CarId}","time":{"start":1755537594060,"stop":1755537594544,"duration":484},"status":"passed","steps":[{"name":"$(\"By.xpath: //input[@id = 'id_send']\") should be(visible)","time":{"start":1755537594060,"stop":1755537594075,"duration":15},"status":"passed","steps":[],"attachments":[],"parameters":[],"stepsCount":0,"shouldDisplayMessage":false,"attachmentsCount":0,"hasContent":false,"attachmentStep":false},{"name":"$(\"By.xpath: //input[@id = 'id_send']\") set value(7335)","time":{"start":1755537594075,"stop":1755537594144,"duration":69},"status":"passed","steps":[],"attachments":[],"parameters":[],"stepsCount":0,"shouldDisplayMessage":false,"attachmentsCount":0,"hasContent":false,"attachmentStep":false},{"name":"$(\"By.xpath: //input[@id = 'car_send']\") should be(visible)","time":{"start":1755537594144,"stop":1755537594158,"duration":14},"status":"passed","steps":[],"attachments":[],"parameters":[],"stepsCount":0,"shouldDisplayMessage":false,"attachmentsCount":0,"hasContent":false,"attachmentStep":false},{"name":"$(\"By.xpath: //input[@id = 'car_send']\") set value(7687687686786)","time":{"start":1755537594158,"stop":1755537594233,"duration":75},"status":"passed","steps":[],"attachments":[],"parameters":[],"stepsCount":0,"shouldDisplayMessage":false,"attachmentsCount":0,"hasContent":false,"attachmentStep":false},{"name":"$(\"By.xpath: //tbody//input[@value = 'sellCar']\") should be([visible, enabled])","time":{"start":1755537594233,"stop":1755537594492,"duration":259},"status":"passed","steps":[],"attachments":[],"parameters":[],"stepsCount":0,"shouldDisplayMessage":false,"attachmentsCount":0,"hasContent":false,"attachmentStep":false},{"name":"$(\"By.xpath: //tbody//input[@value = 'sellCar']\") click()","time":{"start":1755537594492,"stop":1755537594511,"duration":19},"status":"passed","steps":[],"attachments":[],"parameters":[],"stepsCount":0,"shouldDisplayMessage":false,"attachmentsCount":0,"hasContent":false,"attachmentStep":false},{"name":"$(\"button.btn.btn-primary.tableButton\") should be(visible)","time":{"start":1755537594512,"stop":1755537594525,"duration":13},"status":"passed","steps":[],"attachments":[],"parameters":[],"stepsCount":0,"shouldDisplayMessage":false,"attachmentsCount":0,"hasContent":false,"attachmentStep":false},{"name":"$(\"button.btn.btn-primary.tableButton\") click()","time":{"start":1755537594525,"stop":1755537594544,"duration":19},"status":"passed","steps":[],"attachments":[],"parameters":[],"stepsCount":0,"shouldDisplayMessage":false,"attachmentsCount":0,"hasContent":false,"attachmentStep":false}],"attachments":[],"parameters":[{"name":"sellCar","value":"SellCar(UserId=7335, CarId=7687687686786)"}],"stepsCount":8,"shouldDisplayMessage":false,"attachmentsCount":0,"hasContent":true,"attachmentStep":false},{"name":"Получение сообщения об ошибке","time":{"start":1755537594544,"stop":1755537614661,"duration":20117},"status":"failed","statusMessage":"Element not found {by text: Status: AxiosError: Request failed with status code 404}\nExpected: visible\nScreenshot: file:/home/runner/work/PFLB_Test-API_Team_3/PFLB_Test-API_Team_3/build/reports/tests/1755537614557.16.png\nPage source: file:/home/runner/work/PFLB_Test-API_Team_3/PFLB_Test-API_Team_3/build/reports/tests/1755537614557.16.html\nTimeout: 20 s.\nCaused by: NoSuchElementException: no such element: Unable to locate element: {\"method\":\"xpath\",\"selector\":\".//*/text()[normalize-space(translate(string(.), '","statusTrace":"Element not found {by text: Status: AxiosError: Request failed with status code 404}\nExpected: visible\nScreenshot: file:/home/runner/work/PFLB_Test-API_Team_3/PFLB_Test-API_Team_3/build/reports/tests/1755537614557.16.png\nPage source: file:/home/runner/work/PFLB_Test-API_Team_3/PFLB_Test-API_Team_3/build/reports/tests/1755537614557.16.html\nTimeout: 20 s.\nCaused by: NoSuchElementException: no such element: Unable to locate element: {\"method\":\"xpath\",\"selector\":\".//*/text()[normalize-space(translate(string(.), '\n\tat com.codeborne.selenide.impl.WebElementSource.createElementNotFoundError(WebElementSource.java:89)\n\tat com.codeborne.selenide.impl.ElementFinder.createElementNotFoundError(ElementFinder.java:129)\n\tat com.codeborne.selenide.impl.WebElementSource.handleError(WebElementSource.java:140)\n\tat com.codeborne.selenide.impl.WebElementSource.checkConditionAndReturnElement(WebElementSource.java:123)\n\tat com.codeborne.selenide.impl.WebElementSource.checkCondition(WebElementSource.java:99)\n\tat com.codeborne.selenide.commands.Should.execute(Should.java:24)\n\tat com.codeborne.selenide.FluentCommand.execute(FluentCommand.java:27)\n\tat com.codeborne.selenide.FluentCommand.execute(FluentCommand.java:19)\n\tat com.codeborne.selenide.commands.Commands.execute(Commands.java:160)\n\tat com.codeborne.selenide.impl.SelenideElementProxy.dispatchAndRetry(SelenideElementProxy.java:131)\n\tat com.codeborne.selenide.impl.SelenideElementProxy.invoke(SelenideElementProxy.java:83)\n\tat jdk.proxy2/jdk.proxy2.$Proxy29.shouldBe(Unknown Source)\n\tat pages.BasePage.getText(BasePage.java:40)\n\tat pages.CarPage.getErrorMessage(CarPage.java:114)\n\tat tests.CarTest.sellCarNegative(CarTest.java:149)\n\tat java.base/jdk.internal.reflect.NativeMethodAccessorImpl.invoke0(Native Method)\n\tat java.base/jdk.internal.reflect.NativeMethodAccessorImpl.invoke(NativeMethodAccessorImpl.java:77)\n\tat java.base/jdk.internal.reflect.DelegatingMethodAccessorImpl.invoke(DelegatingMethodAccessorImpl.java:43)\n\tat java.base/java.lang.reflect.Method.invoke(Method.java:569)\n\tat org.testng.internal.invokers.MethodInvocationHelper.invokeMethod(MethodInvocationHelper.java:141)\n\tat org.testng.internal.invokers.TestInvoker.invokeMethod(TestInvoker.java:687)\n\tat org.testng.internal.invokers.TestInvoker.retryFailed(TestInvoker.java:269)\n\tat org.testng.internal.invokers.MethodRunner.runInSequence(MethodRunner.java:76)\n\tat org.testng.internal.invokers.TestInvoker$MethodInvocationAgent.invoke(TestInvoker.java:995)\n\tat org.testng.internal.invokers.TestInvoker.invokeTestMethods(TestInvoker.java:203)\n\tat org.testng.internal.invokers.TestMethodWorker.invokeTestMethods(TestMethodWorker.java:154)\n\tat org.testng.internal.invokers.TestMethodWorker.run(TestMethodWorker.java:134)\n\tat java.base/java.util.ArrayList.forEach(ArrayList.java:1511)\n\tat org.testng.TestRunner.privateRun(TestRunner.java:741)\n\tat org.testng.TestRunner.run(TestRunner.java:616)\n\tat org.testng.SuiteRunner.runTest(SuiteRunner.java:421)\n\tat org.testng.SuiteRunner$SuiteWorker.run(SuiteRunner.java:463)\n\tat org.testng.internal.thread.ThreadUtil.lambda$execute$0(ThreadUtil.java:64)\n\tat java.base/java.util.concurrent.FutureTask.run(FutureTask.java:264)\n\tat java.base/java.util.concurrent.ThreadPoolExecutor.runWorker(ThreadPoolExecutor.java:1136)\n\tat java.base/java.util.concurrent.ThreadPoolExecutor$Worker.run(ThreadPoolExecutor.java:635)\n\tat java.base/java.lang.Thread.run(Thread.java:840)\nCaused by: org.openqa.selenium.NoSuchElementException: no such element: Unable to locate element: {\"method\":\"xpath\",\"selector\":\".//*/text()[normalize-space(translate(string(.), '\t\n\r             ​‌‍  ⁠　', '                       ')) = \"Status: AxiosError: Request failed with status code 404\"]/parent::*\"}\n  (Session info: chrome=139.0.7258.66)\nFor documentation on this error, please visit: https://www.selenium.dev/documentation/webdriver/troubleshooting/errors#no-such-element-exception\nBuild info: version: '4.31.0', revision: '1ef9f18787*'\nSystem info: os.name: 'Linux', os.arch: 'amd64', os.version: '6.11.0-1018-azure', java.version: '17.0.16'\nDriver info: org.openqa.selenium.chrome.ChromeDriver\nCommand: [79c74b68950364d9182eadc90be4da15, findElement {value=.//*/text()[normalize-space(translate(string(.), '\t\n\r             ​‌‍  ⁠　', '                       ')) = \"Status: AxiosError: Request failed with status code 404\"]/parent::*, using=xpath}]\nCapabilities {acceptInsecureCerts: true, browserName: chrome, browserVersion: 139.0.7258.66, chrome: {chromedriverVersion: 139.0.7258.66 (a62d32994769..., userDataDir: /tmp/.org.chromium.Chromium...}, fedcm:accounts: true, goog:chromeOptions: {debuggerAddress: localhost:39291}, networkConnectionEnabled: false, pageLoadStrategy: normal, platformName: linux, proxy: Proxy(), se:cdp: ws://localhost:39291/devtoo..., se:cdpVersion: 139.0.7258.66, setWindowRect: true, strictFileInteractability: false, timeouts: {implicit: 0, pageLoad: 300000, script: 30000}, unhandledPromptBehavior: accept, webauthn:extension:credBlob: true, webauthn:extension:largeBlob: true, webauthn:extension:minPinLength: true, webauthn:extension:prf: true, webauthn:virtualAuthenticators: true}\nSession ID: 79c74b68950364d9182eadc90be4da15\n\tat jdk.internal.reflect.GeneratedConstructorAccessor19.newInstance(Unknown Source)\n\tat java.base/jdk.internal.reflect.DelegatingConstructorAccessorImpl.newInstance(DelegatingConstructorAccessorImpl.java:45)\n\tat java.base/java.lang.reflect.Constructor.newInstanceWithCaller(Constructor.java:500)\n\tat java.base/java.lang.reflect.Constructor.newInstance(Constructor.java:481)\n\tat org.openqa.selenium.remote.ErrorCodec.decode(ErrorCodec.java:167)\n\tat org.openqa.selenium.remote.codec.w3c.W3CHttpResponseCodec.decode(W3CHttpResponseCodec.java:138)\n\tat org.openqa.selenium.remote.codec.w3c.W3CHttpResponseCodec.decode(W3CHttpResponseCodec.java:50)\n\tat org.openqa.selenium.remote.HttpCommandExecutor.execute(HttpCommandExecutor.java:215)\n\tat org.openqa.selenium.remote.service.DriverCommandExecutor.invokeExecute(DriverCommandExecutor.java:216)\n\tat org.openqa.selenium.remote.service.DriverCommandExecutor.execute(DriverCommandExecutor.java:174)\n\tat org.openqa.selenium.remote.RemoteWebDriver.execute(RemoteWebDriver.java:545)\n\tat org.openqa.selenium.remote.ElementLocation$ElementFinder$2.findElement(ElementLocation.java:165)\n\tat org.openqa.selenium.remote.ElementLocation.findElement(ElementLocation.java:59)\n\tat org.openqa.selenium.remote.RemoteWebDriver.findElement(RemoteWebDriver.java:368)\n\tat org.openqa.selenium.remote.RemoteWebDriver.findElement(RemoteWebDriver.java:362)\n\tat com.codeborne.selenide.impl.WebElementSelector.findElement(WebElementSelector.java:67)\n\tat com.codeborne.selenide.impl.WebElementSelector.findElement(WebElementSelector.java:38)\n\tat com.codeborne.selenide.impl.WebElementSelector.findElement(WebElementSelector.java:29)\n\tat com.codeborne.selenide.impl.ElementFinder.getWebElement(ElementFinder.java:113)\n\tat com.codeborne.selenide.impl.WebElementSource.checkConditionAndReturnElement(WebElementSource.java:112)\n\t... 33 more\n","steps":[{"name":"$(\"by text: Status: AxiosError: Request failed with status code 404\") should be(visible)","time":{"start":1755537594544,"stop":1755537614661,"duration":20117},"status":"failed","statusMessage":"Element not found {by text: Status: AxiosError: Request failed with status code 404}\nExpected: visible\nScreenshot: file:/home/runner/work/PFLB_Test-API_Team_3/PFLB_Test-API_Team_3/build/reports/tests/1755537614557.16.png\nPage source: file:/home/runner/work/PFLB_Test-API_Team_3/PFLB_Test-API_Team_3/build/reports/tests/1755537614557.16.html\nTimeout: 20 s.\nCaused by: NoSuchElementException: no such element: Unable to locate element: {\"method\":\"xpath\",\"selector\":\".//*/text()[normalize-space(translate(string(.), '","statusTrace":"Element not found {by text: Status: AxiosError: Request failed with status code 404}\nExpected: visible\nScreenshot: file:/home/runner/work/PFLB_Test-API_Team_3/PFLB_Test-API_Team_3/build/reports/tests/1755537614557.16.png\nPage source: file:/home/runner/work/PFLB_Test-API_Team_3/PFLB_Test-API_Team_3/build/reports/tests/1755537614557.16.html\nTimeout: 20 s.\nCaused by: NoSuchElementException: no such element: Unable to locate element: {\"method\":\"xpath\",\"selector\":\".//*/text()[normalize-space(translate(string(.), '\n\tat com.codeborne.selenide.impl.WebElementSource.createElementNotFoundError(WebElementSource.java:89)\n\tat com.codeborne.selenide.impl.ElementFinder.createElementNotFoundError(ElementFinder.java:129)\n\tat com.codeborne.selenide.impl.WebElementSource.handleError(WebElementSource.java:140)\n\tat com.codeborne.selenide.impl.WebElementSource.checkConditionAndReturnElement(WebElementSource.java:123)\n\tat com.codeborne.selenide.impl.WebElementSource.checkCondition(WebElementSource.java:99)\n\tat com.codeborne.selenide.commands.Should.execute(Should.java:24)\n\tat com.codeborne.selenide.FluentCommand.execute(FluentCommand.java:27)\n\tat com.codeborne.selenide.FluentCommand.execute(FluentCommand.java:19)\n\tat com.codeborne.selenide.commands.Commands.execute(Commands.java:160)\n\tat com.codeborne.selenide.impl.SelenideElementProxy.dispatchAndRetry(SelenideElementProxy.java:131)\n\tat com.codeborne.selenide.impl.SelenideElementProxy.invoke(SelenideElementProxy.java:83)\n\tat jdk.proxy2/jdk.proxy2.$Proxy29.shouldBe(Unknown Source)\n\tat pages.BasePage.getText(BasePage.java:40)\n\tat pages.CarPage.getErrorMessage(CarPage.java:114)\n\tat tests.CarTest.sellCarNegative(CarTest.java:149)\n\tat java.base/jdk.internal.reflect.NativeMethodAccessorImpl.invoke0(Native Method)\n\tat java.base/jdk.internal.reflect.NativeMethodAccessorImpl.invoke(NativeMethodAccessorImpl.java:77)\n\tat java.base/jdk.internal.reflect.DelegatingMethodAccessorImpl.invoke(DelegatingMethodAccessorImpl.java:43)\n\tat java.base/java.lang.reflect.Method.invoke(Method.java:569)\n\tat org.testng.internal.invokers.MethodInvocationHelper.invokeMethod(MethodInvocationHelper.java:141)\n\tat org.testng.internal.invokers.TestInvoker.invokeMethod(TestInvoker.java:687)\n\tat org.testng.internal.invokers.TestInvoker.retryFailed(TestInvoker.java:269)\n\tat org.testng.internal.invokers.MethodRunner.runInSequence(MethodRunner.java:76)\n\tat org.testng.internal.invokers.TestInvoker$MethodInvocationAgent.invoke(TestInvoker.java:995)\n\tat org.testng.internal.invokers.TestInvoker.invokeTestMethods(TestInvoker.java:203)\n\tat org.testng.internal.invokers.TestMethodWorker.invokeTestMethods(TestMethodWorker.java:154)\n\tat org.testng.internal.invokers.TestMethodWorker.run(TestMethodWorker.java:134)\n\tat java.base/java.util.ArrayList.forEach(ArrayList.java:1511)\n\tat org.testng.TestRunner.privateRun(TestRunner.java:741)\n\tat org.testng.TestRunner.run(TestRunner.java:616)\n\tat org.testng.SuiteRunner.runTest(SuiteRunner.java:421)\n\tat org.testng.SuiteRunner$SuiteWorker.run(SuiteRunner.java:463)\n\tat org.testng.internal.thread.ThreadUtil.lambda$execute$0(ThreadUtil.java:64)\n\tat java.base/java.util.concurrent.FutureTask.run(FutureTask.java:264)\n\tat java.base/java.util.concurrent.ThreadPoolExecutor.runWorker(ThreadPoolExecutor.java:1136)\n\tat java.base/java.util.concurrent.ThreadPoolExecutor$Worker.run(ThreadPoolExecutor.java:635)\n\tat java.base/java.lang.Thread.run(Thread.java:840)\nCaused by: org.openqa.selenium.NoSuchElementException: no such element: Unable to locate element: {\"method\":\"xpath\",\"selector\":\".//*/text()[normalize-space(translate(string(.), '\t\n\r             ​‌‍  ⁠　', '                       ')) = \"Status: AxiosError: Request failed with status code 404\"]/parent::*\"}\n  (Session info: chrome=139.0.7258.66)\nFor documentation on this error, please visit: https://www.selenium.dev/documentation/webdriver/troubleshooting/errors#no-such-element-exception\nBuild info: version: '4.31.0', revision: '1ef9f18787*'\nSystem info: os.name: 'Linux', os.arch: 'amd64', os.version: '6.11.0-1018-azure', java.version: '17.0.16'\nDriver info: org.openqa.selenium.chrome.ChromeDriver\nCommand: [79c74b68950364d9182eadc90be4da15, findElement {value=.//*/text()[normalize-space(translate(string(.), '\t\n\r             ​‌‍  ⁠　', '                       ')) = \"Status: AxiosError: Request failed with status code 404\"]/parent::*, using=xpath}]\nCapabilities {acceptInsecureCerts: true, browserName: chrome, browserVersion: 139.0.7258.66, chrome: {chromedriverVersion: 139.0.7258.66 (a62d32994769..., userDataDir: /tmp/.org.chromium.Chromium...}, fedcm:accounts: true, goog:chromeOptions: {debuggerAddress: localhost:39291}, networkConnectionEnabled: false, pageLoadStrategy: normal, platformName: linux, proxy: Proxy(), se:cdp: ws://localhost:39291/devtoo..., se:cdpVersion: 139.0.7258.66, setWindowRect: true, strictFileInteractability: false, timeouts: {implicit: 0, pageLoad: 300000, script: 30000}, unhandledPromptBehavior: accept, webauthn:extension:credBlob: true, webauthn:extension:largeBlob: true, webauthn:extension:minPinLength: true, webauthn:extension:prf: true, webauthn:virtualAuthenticators: true}\nSession ID: 79c74b68950364d9182eadc90be4da15\n\tat jdk.internal.reflect.GeneratedConstructorAccessor19.newInstance(Unknown Source)\n\tat java.base/jdk.internal.reflect.DelegatingConstructorAccessorImpl.newInstance(DelegatingConstructorAccessorImpl.java:45)\n\tat java.base/java.lang.reflect.Constructor.newInstanceWithCaller(Constructor.java:500)\n\tat java.base/java.lang.reflect.Constructor.newInstance(Constructor.java:481)\n\tat org.openqa.selenium.remote.ErrorCodec.decode(ErrorCodec.java:167)\n\tat org.openqa.selenium.remote.codec.w3c.W3CHttpResponseCodec.decode(W3CHttpResponseCodec.java:138)\n\tat org.openqa.selenium.remote.codec.w3c.W3CHttpResponseCodec.decode(W3CHttpResponseCodec.java:50)\n\tat org.openqa.selenium.remote.HttpCommandExecutor.execute(HttpCommandExecutor.java:215)\n\tat org.openqa.selenium.remote.service.DriverCommandExecutor.invokeExecute(DriverCommandExecutor.java:216)\n\tat org.openqa.selenium.remote.service.DriverCommandExecutor.execute(DriverCommandExecutor.java:174)\n\tat org.openqa.selenium.remote.RemoteWebDriver.execute(RemoteWebDriver.java:545)\n\tat org.openqa.selenium.remote.ElementLocation$ElementFinder$2.findElement(ElementLocation.java:165)\n\tat org.openqa.selenium.remote.ElementLocation.findElement(ElementLocation.java:59)\n\tat org.openqa.selenium.remote.RemoteWebDriver.findElement(RemoteWebDriver.java:368)\n\tat org.openqa.selenium.remote.RemoteWebDriver.findElement(RemoteWebDriver.java:362)\n\tat com.codeborne.selenide.impl.WebElementSelector.findElement(WebElementSelector.java:67)\n\tat com.codeborne.selenide.impl.WebElementSelector.findElement(WebElementSelector.java:38)\n\tat com.codeborne.selenide.impl.WebElementSelector.findElement(WebElementSelector.java:29)\n\tat com.codeborne.selenide.impl.ElementFinder.getWebElement(ElementFinder.java:113)\n\tat com.codeborne.selenide.impl.WebElementSource.checkConditionAndReturnElement(WebElementSource.java:112)\n\t... 33 more\n","steps":[],"attachments":[{"uid":"5bf16628922b1acd","name":"Screenshot","source":"5bf16628922b1acd.png","type":"image/png","size":28875},{"uid":"c44a2c53e51e88fa","name":"Page source","source":"c44a2c53e51e88fa.html","type":"text/html","size":5978}],"parameters":[],"stepsCount":0,"shouldDisplayMessage":true,"attachmentsCount":2,"hasContent":true,"attachmentStep":false}],"attachments":[],"parameters":[],"stepsCount":1,"shouldDisplayMessage":false,"attachmentsCount":2,"hasContent":true,"attachmentStep":false}],"attachments":[],"parameters":[],"stepsCount":26,"shouldDisplayMessage":false,"attachmentsCount":2,"hasContent":true,"attachmentStep":false},"afterStages":[{"name":"tearDown","time":{"start":1755537614663,"stop":1755537614782,"duration":119},"description":"","status":"passed","steps":[{"name":"$(\"webdriver\") close()","time":{"start":1755537614707,"stop":1755537614782,"duration":75},"status":"passed","steps":[],"attachments":[],"parameters":[],"stepsCount":0,"shouldDisplayMessage":false,"attachmentsCount":0,"hasContent":false,"attachmentStep":false}],"attachments":[{"uid":"6c24cb4a3c4685c3","name":"Screenshot (Selenide)","source":"6c24cb4a3c4685c3.png","type":"image/png","size":28875}],"parameters":[],"stepsCount":1,"shouldDisplayMessage":false,"attachmentsCount":1,"hasContent":true,"attachmentStep":false}],"labels":[{"name":"package","value":"tests.CarTest"},{"name":"testClass","value":"tests.CarTest"},{"name":"testMethod","value":"sellCarNegative"},{"name":"parentSuite","value":"Team three PFLB Test"},{"name":"suite","value":"Chrome"},{"name":"subSuite","value":"tests.CarTest"},{"name":"host","value":"pkrvmubgrv54qmi"},{"name":"thread","value":"2599@pkrvmubgrv54qmi.TestNG-tests-1(21)"},{"name":"framework","value":"testng"},{"name":"language","value":"java"},{"name":"owner","value":"Бессолицын Игорь"},{"name":"resultFormat","value":"allure2"}],"parameters":[{"name":"browser","value":"chrome"}],"links":[],"hidden":false,"retry":false,"extra":{"severity":"normal","owner":"Бессолицын Игорь","retries":[{"uid":"450f116a4b8be1c9","status":"skipped","statusDetails":"Element not found {by text: Status: AxiosError: Request failed with status code 404}\nExpected: visible\nScreenshot: file:/home/runner/work/PFLB_Test-API_Team_3/PFLB_Test-API_Team_3/build/reports/tests/1755537591176.15.png\nPage source: file:/home/runner/work/PFLB_Test-API_Team_3/PFLB_Test-API_Team_3/build/reports/tests/1755537591176.15.html\nTimeout: 20 s.\nCaused by: NoSuchElementException: no such element: Unable to locate element: {\"method\":\"xpath\",\"selector\":\".//*/text()[normalize-space(translate(string(.), '","time":{"start":1755537569704,"stop":1755537591280,"duration":21576}}],"categories":[{"name":"Product defects","matchedStatuses":[],"flaky":false}],"history":{"statistic":{"failed":2,"broken":0,"skipped":1,"passed":0,"unknown":0,"total":3},"items":[{"uid":"a170973b17494189","reportUrl":"https://pandorumPimenov.github.io/PFLB_Test-API_Team_3/10/#testresult/a170973b17494189","status":"failed","statusDetails":"Element not found {by text: Status: AxiosError: Request failed with status code 404}\nExpected: visible\nScreenshot: file:/home/runner/work/PFLB_Test-API_Team_3/PFLB_Test-API_Team_3/build/reports/tests/1755536788587.16.png\nPage source: file:/home/runner/work/PFLB_Test-API_Team_3/PFLB_Test-API_Team_3/build/reports/tests/1755536788587.16.html\nTimeout: 20 s.\nCaused by: NoSuchElementException: no such element: Unable to locate element: {\"method\":\"xpath\",\"selector\":\".//*/text()[normalize-space(translate(string(.), '","time":{"start":1755536767315,"stop":1755536788689,"duration":21374}},{"uid":"ebb5fd4e783f550","reportUrl":"https://pandorumPimenov.github.io/PFLB_Test-API_Team_3/9/#testresult/ebb5fd4e783f550","status":"skipped","statusDetails":"Could not start a new session. Response code 500. Message: session not created: probably user data directory is already in use, please specify a unique value for --user-data-dir argument, or don't use --user-data-dir \nHost info: host: 'pkrvmubgrv54qmi', ip: '10.1.1.36'\nBuild info: version: '4.31.0', revision: '1ef9f18787*'\nSystem info: os.name: 'Linux', os.arch: 'amd64', os.version: '6.11.0-1018-azure', java.version: '17.0.16'\nDriver info: org.openqa.selenium.chrome.ChromeDriver\nCommand: [null, newSession {capabilities=[Capabilities {acceptInsecureCerts: true, browserName: chrome, goog:chromeOptions: {args: [--proxy-bypass-list=<-loopb..., --disable-dev-shm-usage, --disable-search-engine-cho..., --unsafely-disable-devtools..., --window-size=1366,768, --disable-notifications, --disable-popup-blocking, --disable-infobars, --start-maximized], binary: /usr/bin/google-chrome, excludeSwitches: [enable-automation, load-extension], extensions: [], prefs: {autofill.credit_card_enabled: false, autofill.profile_enabled: false, credentials_enable_service: false, download.default_directory: /home/runner/work/PFLB_Test..., plugins.always_open_pdf_externally: true, profile.default_content_setting_values.automatic_downloads: 1, profile.password_manager_enabled: false, profile.password_manager_leak_detection: false, safebrowsing.enabled: true}}, pageLoadStrategy: normal, unhandledPromptBehavior: accept}]}]\nselenide.url: http://82.142.167.37:4881/\nselenide.baseUrl: http://localhost:8080","time":{"start":1755536170372,"stop":1755536170373,"duration":1}}]},"tags":[]},"source":"590bdc3a12857d03.json","parameterValues":["chrome"]}